[0.014s] Invoking command in '/home/lee/ros2_ws/build/openarm_bimanual_moveit_config': CMAKE_PREFIX_PATH=/home/lee/ros2_ws/install/openarm_description:/home/lee/ros2_ws/install/rviz_marker_tools:/home/lee/ros2_ws/install/openarm_scene_tools:/home/lee/ros2_ws/install/openarm_portfolio_tools:/home/lee/ros2_ws/install/openarm_portfolio_bringup:/home/lee/ros2_ws/install/openarm_moveit_config:/home/lee/ros2_ws/install/openarm:/home/lee/ros2_ws/install/openarm_hardware:/home/lee/ros2_ws/install/openarm_bimanual_moveit_config:/home/lee/ros2_ws/install/openarm_can:/home/lee/ros2_ws/install/openarm_bringup:/home/lee/ros2_ws/install/moveit_task_constructor_msgs:/opt/ros/humble /usr/bin/cmake /home/lee/ros2_ws/src/openarm_ros2/openarm_bimanual_moveit_config -DCMAKE_INSTALL_PREFIX=/home/lee/ros2_ws/install/openarm_bimanual_moveit_config
[0.088s] -- The C compiler identification is GNU 11.4.0
[0.158s] -- The CXX compiler identification is GNU 11.4.0
[0.170s] -- Detecting C compiler ABI info
[0.265s] -- Detecting C compiler ABI info - done
[0.272s] -- Check for working C compiler: /usr/bin/cc - skipped
[0.273s] -- Detecting C compile features
[0.273s] -- Detecting C compile features - done
[0.276s] -- Detecting CXX compiler ABI info
[0.392s] -- Detecting CXX compiler ABI info - done
[0.400s] -- Check for working CXX compiler: /usr/bin/c++ - skipped
[0.400s] -- Detecting CXX compile features
[0.400s] -- Detecting CXX compile features - done
[0.404s] -- Found ament_cmake: 1.3.12 (/opt/ros/humble/share/ament_cmake/cmake)
[0.991s] -- Found Python3: /usr/bin/python3 (found version "3.10.12") found components: Interpreter 
[1.228s] -- Configuring done
[1.232s] -- Generating done
[1.234s] -- Build files have been written to: /home/lee/ros2_ws/build/openarm_bimanual_moveit_config
[1.243s] Invoked command in '/home/lee/ros2_ws/build/openarm_bimanual_moveit_config' returned '0': CMAKE_PREFIX_PATH=/home/lee/ros2_ws/install/openarm_description:/home/lee/ros2_ws/install/rviz_marker_tools:/home/lee/ros2_ws/install/openarm_scene_tools:/home/lee/ros2_ws/install/openarm_portfolio_tools:/home/lee/ros2_ws/install/openarm_portfolio_bringup:/home/lee/ros2_ws/install/openarm_moveit_config:/home/lee/ros2_ws/install/openarm:/home/lee/ros2_ws/install/openarm_hardware:/home/lee/ros2_ws/install/openarm_bimanual_moveit_config:/home/lee/ros2_ws/install/openarm_can:/home/lee/ros2_ws/install/openarm_bringup:/home/lee/ros2_ws/install/moveit_task_constructor_msgs:/opt/ros/humble /usr/bin/cmake /home/lee/ros2_ws/src/openarm_ros2/openarm_bimanual_moveit_config -DCMAKE_INSTALL_PREFIX=/home/lee/ros2_ws/install/openarm_bimanual_moveit_config
[1.245s] Invoking command in '/home/lee/ros2_ws/build/openarm_bimanual_moveit_config': CMAKE_PREFIX_PATH=/home/lee/ros2_ws/install/openarm_description:/home/lee/ros2_ws/install/rviz_marker_tools:/home/lee/ros2_ws/install/openarm_scene_tools:/home/lee/ros2_ws/install/openarm_portfolio_tools:/home/lee/ros2_ws/install/openarm_portfolio_bringup:/home/lee/ros2_ws/install/openarm_moveit_config:/home/lee/ros2_ws/install/openarm:/home/lee/ros2_ws/install/openarm_hardware:/home/lee/ros2_ws/install/openarm_bimanual_moveit_config:/home/lee/ros2_ws/install/openarm_can:/home/lee/ros2_ws/install/openarm_bringup:/home/lee/ros2_ws/install/moveit_task_constructor_msgs:/opt/ros/humble /usr/bin/cmake --build /home/lee/ros2_ws/build/openarm_bimanual_moveit_config -- -j16 -l16
[1.295s] Invoked command in '/home/lee/ros2_ws/build/openarm_bimanual_moveit_config' returned '0': CMAKE_PREFIX_PATH=/home/lee/ros2_ws/install/openarm_description:/home/lee/ros2_ws/install/rviz_marker_tools:/home/lee/ros2_ws/install/openarm_scene_tools:/home/lee/ros2_ws/install/openarm_portfolio_tools:/home/lee/ros2_ws/install/openarm_portfolio_bringup:/home/lee/ros2_ws/install/openarm_moveit_config:/home/lee/ros2_ws/install/openarm:/home/lee/ros2_ws/install/openarm_hardware:/home/lee/ros2_ws/install/openarm_bimanual_moveit_config:/home/lee/ros2_ws/install/openarm_can:/home/lee/ros2_ws/install/openarm_bringup:/home/lee/ros2_ws/install/moveit_task_constructor_msgs:/opt/ros/humble /usr/bin/cmake --build /home/lee/ros2_ws/build/openarm_bimanual_moveit_config -- -j16 -l16
[1.297s] Invoking command in '/home/lee/ros2_ws/build/openarm_bimanual_moveit_config': CMAKE_PREFIX_PATH=/home/lee/ros2_ws/install/openarm_description:/home/lee/ros2_ws/install/rviz_marker_tools:/home/lee/ros2_ws/install/openarm_scene_tools:/home/lee/ros2_ws/install/openarm_portfolio_tools:/home/lee/ros2_ws/install/openarm_portfolio_bringup:/home/lee/ros2_ws/install/openarm_moveit_config:/home/lee/ros2_ws/install/openarm:/home/lee/ros2_ws/install/openarm_hardware:/home/lee/ros2_ws/install/openarm_bimanual_moveit_config:/home/lee/ros2_ws/install/openarm_can:/home/lee/ros2_ws/install/openarm_bringup:/home/lee/ros2_ws/install/moveit_task_constructor_msgs:/opt/ros/humble /usr/bin/cmake --install /home/lee/ros2_ws/build/openarm_bimanual_moveit_config
[1.305s] -- Install configuration: ""
[1.306s] -- Installing: /home/lee/ros2_ws/install/openarm_bimanual_moveit_config/share/ament_index/resource_index/package_run_dependencies/openarm_bimanual_moveit_config
[1.306s] -- Installing: /home/lee/ros2_ws/install/openarm_bimanual_moveit_config/share/ament_index/resource_index/parent_prefix_path/openarm_bimanual_moveit_config
[1.306s] -- Installing: /home/lee/ros2_ws/install/openarm_bimanual_moveit_config/share/openarm_bimanual_moveit_config/environment/ament_prefix_path.sh
[1.306s] -- Installing: /home/lee/ros2_ws/install/openarm_bimanual_moveit_config/share/openarm_bimanual_moveit_config/environment/ament_prefix_path.dsv
[1.306s] -- Installing: /home/lee/ros2_ws/install/openarm_bimanual_moveit_config/share/openarm_bimanual_moveit_config/environment/path.sh
[1.307s] -- Installing: /home/lee/ros2_ws/install/openarm_bimanual_moveit_config/share/openarm_bimanual_moveit_config/environment/path.dsv
[1.307s] -- Installing: /home/lee/ros2_ws/install/openarm_bimanual_moveit_config/share/openarm_bimanual_moveit_config/local_setup.bash
[1.307s] -- Installing: /home/lee/ros2_ws/install/openarm_bimanual_moveit_config/share/openarm_bimanual_moveit_config/local_setup.sh
[1.307s] -- Installing: /home/lee/ros2_ws/install/openarm_bimanual_moveit_config/share/openarm_bimanual_moveit_config/local_setup.zsh
[1.307s] -- Installing: /home/lee/ros2_ws/install/openarm_bimanual_moveit_config/share/openarm_bimanual_moveit_config/local_setup.dsv
[1.307s] -- Installing: /home/lee/ros2_ws/install/openarm_bimanual_moveit_config/share/openarm_bimanual_moveit_config/package.dsv
[1.308s] -- Installing: /home/lee/ros2_ws/install/openarm_bimanual_moveit_config/share/ament_index/resource_index/packages/openarm_bimanual_moveit_config
[1.308s] -- Installing: /home/lee/ros2_ws/install/openarm_bimanual_moveit_config/share/openarm_bimanual_moveit_config/cmake/openarm_bimanual_moveit_configConfig.cmake
[1.308s] -- Installing: /home/lee/ros2_ws/install/openarm_bimanual_moveit_config/share/openarm_bimanual_moveit_config/cmake/openarm_bimanual_moveit_configConfig-version.cmake
[1.308s] -- Installing: /home/lee/ros2_ws/install/openarm_bimanual_moveit_config/share/openarm_bimanual_moveit_config/package.xml
[1.308s] -- Installing: /home/lee/ros2_ws/install/openarm_bimanual_moveit_config/share/openarm_bimanual_moveit_config/launch
[1.308s] -- Installing: /home/lee/ros2_ws/install/openarm_bimanual_moveit_config/share/openarm_bimanual_moveit_config/launch/moveit_rviz.launch.py
[1.308s] -- Installing: /home/lee/ros2_ws/install/openarm_bimanual_moveit_config/share/openarm_bimanual_moveit_config/launch/move_group.launch.py
[1.309s] -- Installing: /home/lee/ros2_ws/install/openarm_bimanual_moveit_config/share/openarm_bimanual_moveit_config/launch/setup_assistant.launch.py
[1.309s] -- Installing: /home/lee/ros2_ws/install/openarm_bimanual_moveit_config/share/openarm_bimanual_moveit_config/launch/spawn_controllers.launch.py
[1.309s] -- Installing: /home/lee/ros2_ws/install/openarm_bimanual_moveit_config/share/openarm_bimanual_moveit_config/launch/static_virtual_joint_tfs.launch.py
[1.309s] -- Installing: /home/lee/ros2_ws/install/openarm_bimanual_moveit_config/share/openarm_bimanual_moveit_config/launch/demo.launch.py
[1.309s] -- Installing: /home/lee/ros2_ws/install/openarm_bimanual_moveit_config/share/openarm_bimanual_moveit_config/config
[1.309s] -- Installing: /home/lee/ros2_ws/install/openarm_bimanual_moveit_config/share/openarm_bimanual_moveit_config/config/moveit_controllers.yaml
[1.310s] -- Installing: /home/lee/ros2_ws/install/openarm_bimanual_moveit_config/share/openarm_bimanual_moveit_config/config/openarm_bimanual.urdf.xacro
[1.310s] -- Installing: /home/lee/ros2_ws/install/openarm_bimanual_moveit_config/share/openarm_bimanual_moveit_config/config/moveit.rviz
[1.310s] -- Installing: /home/lee/ros2_ws/install/openarm_bimanual_moveit_config/share/openarm_bimanual_moveit_config/config/joint_limits.yaml
[1.310s] -- Installing: /home/lee/ros2_ws/install/openarm_bimanual_moveit_config/share/openarm_bimanual_moveit_config/config/sensors_3d.yaml
[1.310s] -- Installing: /home/lee/ros2_ws/install/openarm_bimanual_moveit_config/share/openarm_bimanual_moveit_config/config/initial_positions.yaml
[1.310s] -- Installing: /home/lee/ros2_ws/install/openarm_bimanual_moveit_config/share/openarm_bimanual_moveit_config/config/ros2_controllers.yaml
[1.310s] -- Installing: /home/lee/ros2_ws/install/openarm_bimanual_moveit_config/share/openarm_bimanual_moveit_config/config/openarm_bimanual.srdf
[1.311s] -- Installing: /home/lee/ros2_ws/install/openarm_bimanual_moveit_config/share/openarm_bimanual_moveit_config/config/kinematics.yaml
[1.311s] -- Installing: /home/lee/ros2_ws/install/openarm_bimanual_moveit_config/share/openarm_bimanual_moveit_config/config/pilz_cartesian_limits.yaml
[1.311s] -- Installing: /home/lee/ros2_ws/install/openarm_bimanual_moveit_config/share/openarm_bimanual_moveit_config/.setup_assistant
[1.314s] Invoked command in '/home/lee/ros2_ws/build/openarm_bimanual_moveit_config' returned '0': CMAKE_PREFIX_PATH=/home/lee/ros2_ws/install/openarm_description:/home/lee/ros2_ws/install/rviz_marker_tools:/home/lee/ros2_ws/install/openarm_scene_tools:/home/lee/ros2_ws/install/openarm_portfolio_tools:/home/lee/ros2_ws/install/openarm_portfolio_bringup:/home/lee/ros2_ws/install/openarm_moveit_config:/home/lee/ros2_ws/install/openarm:/home/lee/ros2_ws/install/openarm_hardware:/home/lee/ros2_ws/install/openarm_bimanual_moveit_config:/home/lee/ros2_ws/install/openarm_can:/home/lee/ros2_ws/install/openarm_bringup:/home/lee/ros2_ws/install/moveit_task_constructor_msgs:/opt/ros/humble /usr/bin/cmake --install /home/lee/ros2_ws/build/openarm_bimanual_moveit_config
