[0.020s] Invoking command in '/home/lee/ros2_ws/build/openarm_bringup': CMAKE_PREFIX_PATH=${CMAKE_PREFIX_PATH}:/opt/ros/humble /usr/bin/cmake /home/lee/ros2_ws/src/openarm_ros2/openarm_bringup -DCMAKE_INSTALL_PREFIX=/home/lee/ros2_ws/install/openarm_bringup
[0.084s] -- The C compiler identification is GNU 11.4.0
[0.152s] -- The CXX compiler identification is GNU 11.4.0
[0.160s] -- Detecting C compiler ABI info
[0.252s] -- Detecting C compiler ABI info - done
[0.260s] -- Check for working C compiler: /usr/bin/cc - skipped
[0.260s] -- Detecting C compile features
[0.261s] -- Detecting C compile features - done
[0.264s] -- Detecting CXX compiler ABI info
[0.380s] -- Detecting CXX compiler ABI info - done
[0.392s] -- Check for working CXX compiler: /usr/bin/c++ - skipped
[0.392s] -- Detecting CXX compile features
[0.393s] -- Detecting CXX compile features - done
[0.397s] -- Found ament_cmake: 1.3.12 (/opt/ros/humble/share/ament_cmake/cmake)
[1.336s] -- Found Python3: /usr/bin/python3 (found version "3.10.12") found components: Interpreter 
[1.483s] -- Found ament_lint_auto: 0.12.14 (/opt/ros/humble/share/ament_lint_auto/cmake)
[1.614s] -- Added test 'flake8' to check Python code syntax and style conventions
[1.615s] -- Added test 'lint_cmake' to check CMake code style
[1.616s] -- Added test 'pep257' to check Python code against some of the docstring style conventions in PEP 257
[1.617s] -- Added test 'xmllint' to check XML markup files
[1.619s] -- Configuring done
[1.622s] -- Generating done
[1.624s] -- Build files have been written to: /home/lee/ros2_ws/build/openarm_bringup
[1.630s] Invoked command in '/home/lee/ros2_ws/build/openarm_bringup' returned '0': CMAKE_PREFIX_PATH=${CMAKE_PREFIX_PATH}:/opt/ros/humble /usr/bin/cmake /home/lee/ros2_ws/src/openarm_ros2/openarm_bringup -DCMAKE_INSTALL_PREFIX=/home/lee/ros2_ws/install/openarm_bringup
[1.633s] Invoking command in '/home/lee/ros2_ws/build/openarm_bringup': CMAKE_PREFIX_PATH=${CMAKE_PREFIX_PATH}:/opt/ros/humble /usr/bin/cmake --build /home/lee/ros2_ws/build/openarm_bringup -- -j16 -l16
[1.691s] Invoked command in '/home/lee/ros2_ws/build/openarm_bringup' returned '0': CMAKE_PREFIX_PATH=${CMAKE_PREFIX_PATH}:/opt/ros/humble /usr/bin/cmake --build /home/lee/ros2_ws/build/openarm_bringup -- -j16 -l16
[1.692s] Invoking command in '/home/lee/ros2_ws/build/openarm_bringup': CMAKE_PREFIX_PATH=${CMAKE_PREFIX_PATH}:/opt/ros/humble /usr/bin/cmake --install /home/lee/ros2_ws/build/openarm_bringup
[1.706s] -- Install configuration: ""
[1.706s] -- Installing: /home/lee/ros2_ws/install/openarm_bringup/share/openarm_bringup/launch
[1.706s] -- Installing: /home/lee/ros2_ws/install/openarm_bringup/share/openarm_bringup/launch/openarm.bimanual.launch.py
[1.707s] -- Installing: /home/lee/ros2_ws/install/openarm_bringup/share/openarm_bringup/launch/openarm.launch.py
[1.707s] -- Installing: /home/lee/ros2_ws/install/openarm_bringup/share/openarm_bringup/config
[1.707s] -- Installing: /home/lee/ros2_ws/install/openarm_bringup/share/openarm_bringup/config/v10_controllers
[1.707s] -- Installing: /home/lee/ros2_ws/install/openarm_bringup/share/openarm_bringup/config/v10_controllers/openarm_v10_controllers.yaml
[1.707s] -- Installing: /home/lee/ros2_ws/install/openarm_bringup/share/openarm_bringup/config/v10_controllers/openarm_v10_bimanual_controllers_namespaced.yaml
[1.707s] -- Installing: /home/lee/ros2_ws/install/openarm_bringup/share/openarm_bringup/config/v10_controllers/openarm_v10_bimanual_controllers.yaml
[1.708s] -- Installing: /home/lee/ros2_ws/install/openarm_bringup/share/ament_index/resource_index/package_run_dependencies/openarm_bringup
[1.708s] -- Installing: /home/lee/ros2_ws/install/openarm_bringup/share/ament_index/resource_index/parent_prefix_path/openarm_bringup
[1.708s] -- Installing: /home/lee/ros2_ws/install/openarm_bringup/share/openarm_bringup/environment/ament_prefix_path.sh
[1.708s] -- Installing: /home/lee/ros2_ws/install/openarm_bringup/share/openarm_bringup/environment/ament_prefix_path.dsv
[1.708s] -- Installing: /home/lee/ros2_ws/install/openarm_bringup/share/openarm_bringup/environment/path.sh
[1.709s] -- Installing: /home/lee/ros2_ws/install/openarm_bringup/share/openarm_bringup/environment/path.dsv
[1.709s] -- Installing: /home/lee/ros2_ws/install/openarm_bringup/share/openarm_bringup/local_setup.bash
[1.709s] -- Installing: /home/lee/ros2_ws/install/openarm_bringup/share/openarm_bringup/local_setup.sh
[1.709s] -- Installing: /home/lee/ros2_ws/install/openarm_bringup/share/openarm_bringup/local_setup.zsh
[1.709s] -- Installing: /home/lee/ros2_ws/install/openarm_bringup/share/openarm_bringup/local_setup.dsv
[1.709s] -- Installing: /home/lee/ros2_ws/install/openarm_bringup/share/openarm_bringup/package.dsv
[1.710s] -- Installing: /home/lee/ros2_ws/install/openarm_bringup/share/ament_index/resource_index/packages/openarm_bringup
[1.710s] -- Installing: /home/lee/ros2_ws/install/openarm_bringup/share/openarm_bringup/cmake/openarm_bringupConfig.cmake
[1.710s] -- Installing: /home/lee/ros2_ws/install/openarm_bringup/share/openarm_bringup/cmake/openarm_bringupConfig-version.cmake
[1.710s] -- Installing: /home/lee/ros2_ws/install/openarm_bringup/share/openarm_bringup/package.xml
[1.715s] Invoked command in '/home/lee/ros2_ws/build/openarm_bringup' returned '0': CMAKE_PREFIX_PATH=${CMAKE_PREFIX_PATH}:/opt/ros/humble /usr/bin/cmake --install /home/lee/ros2_ws/build/openarm_bringup
